build/app/intermediates/manifest_merge_blame_file/release/processReleaseMainManifest/manifest-merger-blame-release-report.txt
1<?xml version="1.0" encoding="utf-8"?>
2<manifest xmlns:android="http://schemas.android.com/apk/res/android"
3    package="com.example.snaptext_ai"
4    android:versionCode="1"
5    android:versionName="0.1.0" >
6
7    <uses-sdk
8        android:minSdkVersion="23"
9        android:targetSdkVersion="33" />
10
11    <uses-permission android:name="android.permission.INTERNET" /> <!-- See https://developer.android.com/training/package-visibility/declaring for more details. -->
11-->[com.stripe:financial-connections:21.6.0] AndroidManifest.xml:7:5-67
11-->[com.stripe:financial-connections:21.6.0] AndroidManifest.xml:7:22-64
12    <queries>
12-->[com.stripe:financial-connections:21.6.0] AndroidManifest.xml:10:5-18:15
13
14        <!-- Added to check the default browser that will host the AuthFlow. -->
15        <intent>
15-->[com.stripe:financial-connections:21.6.0] AndroidManifest.xml:13:9-17:18
16            <action android:name="android.intent.action.VIEW" />
16-->[com.stripe:financial-connections:21.6.0] AndroidManifest.xml:14:13-65
16-->[com.stripe:financial-connections:21.6.0] AndroidManifest.xml:14:21-62
17
18            <data android:scheme="http" />
18-->[com.stripe:financial-connections:21.6.0] AndroidManifest.xml:16:13-43
18-->[com.stripe:financial-connections:21.6.0] AndroidManifest.xml:16:19-40
19        </intent>
20        <!-- Added to check if Chrome is installed for browser-based payment authentication (e.g. 3DS1). -->
21        <package android:name="com.android.chrome" /> <!-- Needs to be explicitly declared on Android R+ -->
21-->[com.stripe:payments-core:21.6.0] AndroidManifest.xml:11:9-54
21-->[com.stripe:payments-core:21.6.0] AndroidManifest.xml:11:18-51
22        <package android:name="com.google.android.apps.maps" />
22-->[com.google.android.gms:play-services-maps:18.0.2] AndroidManifest.xml:33:9-64
22-->[com.google.android.gms:play-services-maps:18.0.2] AndroidManifest.xml:33:18-61
23    </queries>
24
25    <uses-permission android:name="android.permission.ACCESS_NETWORK_STATE" />
25-->[com.google.firebase:firebase-auth:23.2.0] AndroidManifest.xml:26:5-79
25-->[com.google.firebase:firebase-auth:23.2.0] AndroidManifest.xml:26:22-76
26
27    <uses-feature
27-->[com.google.android.gms:play-services-maps:18.0.2] AndroidManifest.xml:26:5-28:35
28        android:glEsVersion="0x00020000"
28-->[com.google.android.gms:play-services-maps:18.0.2] AndroidManifest.xml:27:9-41
29        android:required="true" />
29-->[com.google.android.gms:play-services-maps:18.0.2] AndroidManifest.xml:28:9-32
30
31    <uses-permission android:name="com.google.android.providers.gsf.permission.READ_GSERVICES" />
31-->[com.google.android.recaptcha:recaptcha:18.6.1] AndroidManifest.xml:9:5-98
31-->[com.google.android.recaptcha:recaptcha:18.6.1] AndroidManifest.xml:9:22-95
32
33    <permission
33-->[androidx.core:core:1.13.1] AndroidManifest.xml:22:5-24:47
34        android:name="com.example.snaptext_ai.DYNAMIC_RECEIVER_NOT_EXPORTED_PERMISSION"
34-->[androidx.core:core:1.13.1] AndroidManifest.xml:23:9-81
35        android:protectionLevel="signature" />
35-->[androidx.core:core:1.13.1] AndroidManifest.xml:24:9-44
36
37    <uses-permission android:name="com.example.snaptext_ai.DYNAMIC_RECEIVER_NOT_EXPORTED_PERMISSION" /> <!-- Remove the package attribute from here, as it's defined in your build.gradle.kts -->
37-->[androidx.core:core:1.13.1] AndroidManifest.xml:26:5-97
37-->[androidx.core:core:1.13.1] AndroidManifest.xml:26:22-94
38    <!-- The namespace is already defined in your build.gradle.kts as "com.example.snaptext_ai" -->
39    <!-- Keep all your other manifest entries -->
40    <application
41        android:name="android.app.Application"
41-->src\main\AndroidManifest.xml:9:9-42
42        android:appComponentFactory="androidx.core.app.CoreComponentFactory"
42-->[androidx.core:core:1.13.1] AndroidManifest.xml:28:18-86
43        android:extractNativeLibs="false"
44        android:icon="@mipmap/ic_launcher"
44-->src\main\AndroidManifest.xml:10:9-43
45        android:label="snaptext_ai" >
45-->src\main\AndroidManifest.xml:8:9-36
46        <activity
46-->src\main\AndroidManifest.xml:11:9-31:20
47            android:name="com.example.snaptext_ai.MainActivity"
47-->src\main\AndroidManifest.xml:12:13-41
48            android:configChanges="orientation|keyboardHidden|keyboard|screenSize|smallestScreenSize|locale|layoutDirection|fontScale|screenLayout|density|uiMode"
48-->src\main\AndroidManifest.xml:16:13-163
49            android:exported="true"
49-->src\main\AndroidManifest.xml:13:13-36
50            android:hardwareAccelerated="true"
50-->src\main\AndroidManifest.xml:17:13-47
51            android:launchMode="singleTop"
51-->src\main\AndroidManifest.xml:14:13-43
52            android:theme="@style/LaunchTheme"
52-->src\main\AndroidManifest.xml:15:13-47
53            android:windowSoftInputMode="adjustResize" >
53-->src\main\AndroidManifest.xml:18:13-55
54
55            <!--
56                 Specifies an Android theme to apply to this Activity as soon as
57                 the Android process has started. This theme is visible to the user
58                 while the Flutter UI initializes. After that, this theme continues
59                 to determine the Window background behind the Flutter UI.
60            -->
61            <meta-data
61-->src\main\AndroidManifest.xml:23:13-26:17
62                android:name="io.flutter.embedding.android.NormalTheme"
62-->src\main\AndroidManifest.xml:24:15-70
63                android:resource="@style/NormalTheme" />
63-->src\main\AndroidManifest.xml:25:15-52
64
65            <intent-filter>
65-->src\main\AndroidManifest.xml:27:13-30:29
66                <action android:name="android.intent.action.MAIN" />
66-->src\main\AndroidManifest.xml:28:17-68
66-->src\main\AndroidManifest.xml:28:25-66
67
68                <category android:name="android.intent.category.LAUNCHER" />
68-->src\main\AndroidManifest.xml:29:17-76
68-->src\main\AndroidManifest.xml:29:27-74
69            </intent-filter>
70        </activity>
71        <!--
72             Don't delete the meta-data below.
73             This is used by the Flutter tool to generate GeneratedPluginRegistrant.java
74        -->
75        <meta-data
75-->src\main\AndroidManifest.xml:34:9-36:33
76            android:name="flutterEmbedding"
76-->src\main\AndroidManifest.xml:35:13-44
77            android:value="2" />
77-->src\main\AndroidManifest.xml:36:13-30
78
79        <provider
79-->[:image_picker_android] AndroidManifest.xml:9:9-17:20
80            android:name="io.flutter.plugins.imagepicker.ImagePickerFileProvider"
80-->[:image_picker_android] AndroidManifest.xml:10:13-82
81            android:authorities="com.example.snaptext_ai.flutter.image_provider"
81-->[:image_picker_android] AndroidManifest.xml:11:13-74
82            android:exported="false"
82-->[:image_picker_android] AndroidManifest.xml:12:13-37
83            android:grantUriPermissions="true" >
83-->[:image_picker_android] AndroidManifest.xml:13:13-47
84            <meta-data
84-->[:image_picker_android] AndroidManifest.xml:14:13-16:75
85                android:name="android.support.FILE_PROVIDER_PATHS"
85-->[:image_picker_android] AndroidManifest.xml:15:17-67
86                android:resource="@xml/flutter_image_picker_file_paths" />
86-->[:image_picker_android] AndroidManifest.xml:16:17-72
87        </provider> <!-- Trigger Google Play services to install the backported photo picker module. -->
88        <service
88-->[:image_picker_android] AndroidManifest.xml:19:9-31:19
89            android:name="com.google.android.gms.metadata.ModuleDependencies"
89-->[:image_picker_android] AndroidManifest.xml:20:13-78
90            android:enabled="false"
90-->[:image_picker_android] AndroidManifest.xml:21:13-36
91            android:exported="false" >
91-->[:image_picker_android] AndroidManifest.xml:22:13-37
92            <intent-filter>
92-->[:image_picker_android] AndroidManifest.xml:24:13-26:29
93                <action android:name="com.google.android.gms.metadata.MODULE_DEPENDENCIES" />
93-->[:image_picker_android] AndroidManifest.xml:25:17-94
93-->[:image_picker_android] AndroidManifest.xml:25:25-91
94            </intent-filter>
95
96            <meta-data
96-->[:image_picker_android] AndroidManifest.xml:28:13-30:36
97                android:name="photopicker_activity:0:required"
97-->[:image_picker_android] AndroidManifest.xml:29:17-63
98                android:value="" />
98-->[:image_picker_android] AndroidManifest.xml:30:17-33
99        </service>
100        <service
100-->[:cloud_firestore] AndroidManifest.xml:8:9-12:19
101            android:name="com.google.firebase.components.ComponentDiscoveryService"
101-->[:cloud_firestore] AndroidManifest.xml:8:18-89
102            android:directBootAware="true"
102-->[com.google.firebase:firebase-common:21.0.0] AndroidManifest.xml:32:13-43
103            android:exported="false" >
103-->[com.google.firebase:firebase-auth:23.2.0] AndroidManifest.xml:68:13-37
104            <meta-data
104-->[:cloud_firestore] AndroidManifest.xml:9:13-11:85
105                android:name="com.google.firebase.components:io.flutter.plugins.firebase.firestore.FlutterFirebaseFirestoreRegistrar"
105-->[:cloud_firestore] AndroidManifest.xml:10:17-134
106                android:value="com.google.firebase.components.ComponentRegistrar" />
106-->[:cloud_firestore] AndroidManifest.xml:11:17-82
107            <meta-data
107-->[:firebase_auth] AndroidManifest.xml:9:13-11:85
108                android:name="com.google.firebase.components:io.flutter.plugins.firebase.auth.FlutterFirebaseAuthRegistrar"
108-->[:firebase_auth] AndroidManifest.xml:10:17-124
109                android:value="com.google.firebase.components.ComponentRegistrar" />
109-->[:firebase_auth] AndroidManifest.xml:11:17-82
110            <meta-data
110-->[:firebase_storage] AndroidManifest.xml:9:13-11:85
111                android:name="com.google.firebase.components:io.flutter.plugins.firebase.storage.FlutterFirebaseAppRegistrar"
111-->[:firebase_storage] AndroidManifest.xml:10:17-126
112                android:value="com.google.firebase.components.ComponentRegistrar" />
112-->[:firebase_storage] AndroidManifest.xml:11:17-82
113            <meta-data
113-->[:firebase_core] AndroidManifest.xml:9:13-11:85
114                android:name="com.google.firebase.components:io.flutter.plugins.firebase.core.FlutterFirebaseCoreRegistrar"
114-->[:firebase_core] AndroidManifest.xml:10:17-124
115                android:value="com.google.firebase.components.ComponentRegistrar" />
115-->[:firebase_core] AndroidManifest.xml:11:17-82
116            <meta-data
116-->[com.google.firebase:firebase-auth:23.2.0] AndroidManifest.xml:69:13-71:85
117                android:name="com.google.firebase.components:com.google.firebase.auth.FirebaseAuthRegistrar"
117-->[com.google.firebase:firebase-auth:23.2.0] AndroidManifest.xml:70:17-109
118                android:value="com.google.firebase.components.ComponentRegistrar" />
118-->[com.google.firebase:firebase-auth:23.2.0] AndroidManifest.xml:71:17-82
119            <meta-data
119-->[com.google.firebase:firebase-firestore:25.1.3] AndroidManifest.xml:17:13-19:85
120                android:name="com.google.firebase.components:com.google.firebase.firestore.FirebaseFirestoreKtxRegistrar"
120-->[com.google.firebase:firebase-firestore:25.1.3] AndroidManifest.xml:18:17-122
121                android:value="com.google.firebase.components.ComponentRegistrar" />
121-->[com.google.firebase:firebase-firestore:25.1.3] AndroidManifest.xml:19:17-82
122            <meta-data
122-->[com.google.firebase:firebase-firestore:25.1.3] AndroidManifest.xml:20:13-22:85
123                android:name="com.google.firebase.components:com.google.firebase.firestore.FirestoreRegistrar"
123-->[com.google.firebase:firebase-firestore:25.1.3] AndroidManifest.xml:21:17-111
124                android:value="com.google.firebase.components.ComponentRegistrar" />
124-->[com.google.firebase:firebase-firestore:25.1.3] AndroidManifest.xml:22:17-82
125            <meta-data
125-->[com.google.firebase:firebase-storage:21.0.1] AndroidManifest.xml:30:13-32:85
126                android:name="com.google.firebase.components:com.google.firebase.storage.FirebaseStorageKtxRegistrar"
126-->[com.google.firebase:firebase-storage:21.0.1] AndroidManifest.xml:31:17-118
127                android:value="com.google.firebase.components.ComponentRegistrar" />
127-->[com.google.firebase:firebase-storage:21.0.1] AndroidManifest.xml:32:17-82
128            <meta-data
128-->[com.google.firebase:firebase-storage:21.0.1] AndroidManifest.xml:33:13-35:85
129                android:name="com.google.firebase.components:com.google.firebase.storage.StorageRegistrar"
129-->[com.google.firebase:firebase-storage:21.0.1] AndroidManifest.xml:34:17-107
130                android:value="com.google.firebase.components.ComponentRegistrar" />
130-->[com.google.firebase:firebase-storage:21.0.1] AndroidManifest.xml:35:17-82
131            <meta-data
131-->[com.google.firebase:firebase-appcheck:18.0.0] AndroidManifest.xml:25:13-27:85
132                android:name="com.google.firebase.components:com.google.firebase.appcheck.FirebaseAppCheckKtxRegistrar"
132-->[com.google.firebase:firebase-appcheck:18.0.0] AndroidManifest.xml:26:17-120
133                android:value="com.google.firebase.components.ComponentRegistrar" />
133-->[com.google.firebase:firebase-appcheck:18.0.0] AndroidManifest.xml:27:17-82
134            <meta-data
134-->[com.google.firebase:firebase-appcheck:18.0.0] AndroidManifest.xml:28:13-30:85
135                android:name="com.google.firebase.components:com.google.firebase.appcheck.FirebaseAppCheckRegistrar"
135-->[com.google.firebase:firebase-appcheck:18.0.0] AndroidManifest.xml:29:17-117
136                android:value="com.google.firebase.components.ComponentRegistrar" />
136-->[com.google.firebase:firebase-appcheck:18.0.0] AndroidManifest.xml:30:17-82
137            <meta-data
137-->[com.google.firebase:firebase-common-ktx:21.0.0] AndroidManifest.xml:12:13-14:85
138                android:name="com.google.firebase.components:com.google.firebase.ktx.FirebaseCommonLegacyRegistrar"
138-->[com.google.firebase:firebase-common-ktx:21.0.0] AndroidManifest.xml:13:17-116
139                android:value="com.google.firebase.components.ComponentRegistrar" />
139-->[com.google.firebase:firebase-common-ktx:21.0.0] AndroidManifest.xml:14:17-82
140            <meta-data
140-->[com.google.firebase:firebase-common:21.0.0] AndroidManifest.xml:35:13-37:85
141                android:name="com.google.firebase.components:com.google.firebase.FirebaseCommonKtxRegistrar"
141-->[com.google.firebase:firebase-common:21.0.0] AndroidManifest.xml:36:17-109
142                android:value="com.google.firebase.components.ComponentRegistrar" />
142-->[com.google.firebase:firebase-common:21.0.0] AndroidManifest.xml:37:17-82
143        </service>
144
145        <activity
145-->[com.stripe:financial-connections:21.6.0] AndroidManifest.xml:21:9-65:20
146            android:name="com.stripe.android.financialconnections.FinancialConnectionsSheetRedirectActivity"
146-->[com.stripe:financial-connections:21.6.0] AndroidManifest.xml:22:13-109
147            android:exported="true"
147-->[com.stripe:financial-connections:21.6.0] AndroidManifest.xml:23:13-36
148            android:launchMode="singleTask" >
148-->[com.stripe:financial-connections:21.6.0] AndroidManifest.xml:24:13-44
149            <intent-filter>
149-->[com.stripe:financial-connections:21.6.0] AndroidManifest.xml:25:13-64:29
150                <action android:name="android.intent.action.VIEW" />
150-->[com.stripe:financial-connections:21.6.0] AndroidManifest.xml:14:13-65
150-->[com.stripe:financial-connections:21.6.0] AndroidManifest.xml:14:21-62
151
152                <category android:name="android.intent.category.DEFAULT" />
152-->[com.stripe:financial-connections:21.6.0] AndroidManifest.xml:28:17-76
152-->[com.stripe:financial-connections:21.6.0] AndroidManifest.xml:28:27-73
153                <category android:name="android.intent.category.BROWSABLE" />
153-->[com.stripe:financial-connections:21.6.0] AndroidManifest.xml:29:17-78
153-->[com.stripe:financial-connections:21.6.0] AndroidManifest.xml:29:27-75
154
155                <!-- Returning from app2app: return_url is triggered to reopen web AuthFlow and poll accounts. -->
156                <data
156-->[com.stripe:financial-connections:21.6.0] AndroidManifest.xml:16:13-43
157                    android:host="link-accounts"
158                    android:pathPrefix="/com.example.snaptext_ai/authentication_return"
159                    android:scheme="stripe-auth" />
159-->[com.stripe:financial-connections:21.6.0] AndroidManifest.xml:16:19-40
160
161                <!-- Returning from app2app: return_url is triggered to reopen native AuthFlow and poll accounts. -->
162                <data
162-->[com.stripe:financial-connections:21.6.0] AndroidManifest.xml:16:13-43
163                    android:host="link-native-accounts"
164                    android:pathPrefix="/com.example.snaptext_ai/authentication_return"
165                    android:scheme="stripe-auth" />
165-->[com.stripe:financial-connections:21.6.0] AndroidManifest.xml:16:19-40
166
167                <!-- End of web AuthFlow success and cancel URIs that begin with "stripe-auth://link-accounts/{app-id}/...” -->
168                <data
168-->[com.stripe:financial-connections:21.6.0] AndroidManifest.xml:16:13-43
169                    android:host="link-accounts"
170                    android:path="/com.example.snaptext_ai/success"
171                    android:scheme="stripe-auth" />
171-->[com.stripe:financial-connections:21.6.0] AndroidManifest.xml:16:19-40
172                <data
172-->[com.stripe:financial-connections:21.6.0] AndroidManifest.xml:16:13-43
173                    android:host="link-accounts"
174                    android:path="/com.example.snaptext_ai/cancel"
175                    android:scheme="stripe-auth" />
175-->[com.stripe:financial-connections:21.6.0] AndroidManifest.xml:16:19-40
176
177                <!-- Opening app2app: Web flow triggers stripe-auth://native-redirect/{app-id}/http://web-that-redirects-to-native -->
178                <data
178-->[com.stripe:financial-connections:21.6.0] AndroidManifest.xml:16:13-43
179                    android:host="native-redirect"
180                    android:pathPrefix="/com.example.snaptext_ai"
181                    android:scheme="stripe-auth" />
181-->[com.stripe:financial-connections:21.6.0] AndroidManifest.xml:16:19-40
182
183                <!-- Accepts success/cancel/fail URIs that begin with "stripe://auth-redirect” -->
184                <data
184-->[com.stripe:financial-connections:21.6.0] AndroidManifest.xml:16:13-43
185                    android:host="auth-redirect"
186                    android:pathPrefix="/com.example.snaptext_ai"
187                    android:scheme="stripe" />
187-->[com.stripe:financial-connections:21.6.0] AndroidManifest.xml:16:19-40
188            </intent-filter>
189        </activity>
190        <activity
190-->[com.stripe:financial-connections:21.6.0] AndroidManifest.xml:66:9-69:77
191            android:name="com.stripe.android.financialconnections.FinancialConnectionsSheetActivity"
191-->[com.stripe:financial-connections:21.6.0] AndroidManifest.xml:67:13-101
192            android:exported="false"
192-->[com.stripe:financial-connections:21.6.0] AndroidManifest.xml:68:13-37
193            android:theme="@style/StripeFinancialConnectionsDefaultTheme" />
193-->[com.stripe:financial-connections:21.6.0] AndroidManifest.xml:69:13-74
194        <activity
194-->[com.stripe:financial-connections:21.6.0] AndroidManifest.xml:70:9-74:58
195            android:name="com.stripe.android.financialconnections.ui.FinancialConnectionsSheetNativeActivity"
195-->[com.stripe:financial-connections:21.6.0] AndroidManifest.xml:71:13-110
196            android:exported="false"
196-->[com.stripe:financial-connections:21.6.0] AndroidManifest.xml:72:13-37
197            android:theme="@style/StripeFinancialConnectionsDefaultTheme"
197-->[com.stripe:financial-connections:21.6.0] AndroidManifest.xml:73:13-74
198            android:windowSoftInputMode="adjustResize" />
198-->[com.stripe:financial-connections:21.6.0] AndroidManifest.xml:74:13-55
199
200        <service
200-->[com.google.android.gms:play-services-mlkit-text-recognition-common:19.1.0] AndroidManifest.xml:9:9-15:19
201            android:name="com.google.mlkit.common.internal.MlKitComponentDiscoveryService"
201-->[com.google.android.gms:play-services-mlkit-text-recognition-common:19.1.0] AndroidManifest.xml:10:13-91
202            android:directBootAware="true"
202-->[com.google.mlkit:common:18.11.0] AndroidManifest.xml:17:13-43
203            android:exported="false" >
203-->[com.google.android.gms:play-services-mlkit-text-recognition-common:19.1.0] AndroidManifest.xml:11:13-37
204            <meta-data
204-->[com.google.android.gms:play-services-mlkit-text-recognition-common:19.1.0] AndroidManifest.xml:12:13-14:85
205                android:name="com.google.firebase.components:com.google.mlkit.vision.text.internal.TextRegistrar"
205-->[com.google.android.gms:play-services-mlkit-text-recognition-common:19.1.0] AndroidManifest.xml:13:17-114
206                android:value="com.google.firebase.components.ComponentRegistrar" />
206-->[com.google.android.gms:play-services-mlkit-text-recognition-common:19.1.0] AndroidManifest.xml:14:17-82
207            <meta-data
207-->[com.google.mlkit:vision-common:17.3.0] AndroidManifest.xml:12:13-14:85
208                android:name="com.google.firebase.components:com.google.mlkit.vision.common.internal.VisionCommonRegistrar"
208-->[com.google.mlkit:vision-common:17.3.0] AndroidManifest.xml:13:17-124
209                android:value="com.google.firebase.components.ComponentRegistrar" />
209-->[com.google.mlkit:vision-common:17.3.0] AndroidManifest.xml:14:17-82
210            <meta-data
210-->[com.google.mlkit:common:18.11.0] AndroidManifest.xml:20:13-22:85
211                android:name="com.google.firebase.components:com.google.mlkit.common.internal.CommonComponentRegistrar"
211-->[com.google.mlkit:common:18.11.0] AndroidManifest.xml:21:17-120
212                android:value="com.google.firebase.components.ComponentRegistrar" />
212-->[com.google.mlkit:common:18.11.0] AndroidManifest.xml:22:17-82
213        </service>
214
215        <provider
215-->[com.google.mlkit:common:18.11.0] AndroidManifest.xml:9:9-13:38
216            android:name="com.google.mlkit.common.internal.MlKitInitProvider"
216-->[com.google.mlkit:common:18.11.0] AndroidManifest.xml:10:13-78
217            android:authorities="com.example.snaptext_ai.mlkitinitprovider"
217-->[com.google.mlkit:common:18.11.0] AndroidManifest.xml:11:13-69
218            android:exported="false"
218-->[com.google.mlkit:common:18.11.0] AndroidManifest.xml:12:13-37
219            android:initOrder="99" />
219-->[com.google.mlkit:common:18.11.0] AndroidManifest.xml:13:13-35
220
221        <activity
221-->[com.stripe:paymentsheet:21.6.0] AndroidManifest.xml:8:9-11:69
222            android:name="com.stripe.android.paymentsheet.PaymentSheetActivity"
222-->[com.stripe:paymentsheet:21.6.0] AndroidManifest.xml:9:13-80
223            android:exported="false"
223-->[com.stripe:paymentsheet:21.6.0] AndroidManifest.xml:10:13-37
224            android:theme="@style/StripePaymentSheetDefaultTheme" />
224-->[com.stripe:paymentsheet:21.6.0] AndroidManifest.xml:11:13-66
225        <activity
225-->[com.stripe:paymentsheet:21.6.0] AndroidManifest.xml:12:9-15:69
226            android:name="com.stripe.android.paymentsheet.PaymentOptionsActivity"
226-->[com.stripe:paymentsheet:21.6.0] AndroidManifest.xml:13:13-82
227            android:exported="false"
227-->[com.stripe:paymentsheet:21.6.0] AndroidManifest.xml:14:13-37
228            android:theme="@style/StripePaymentSheetDefaultTheme" />
228-->[com.stripe:paymentsheet:21.6.0] AndroidManifest.xml:15:13-66
229        <activity
229-->[com.stripe:paymentsheet:21.6.0] AndroidManifest.xml:16:9-19:69
230            android:name="com.stripe.android.customersheet.CustomerSheetActivity"
230-->[com.stripe:paymentsheet:21.6.0] AndroidManifest.xml:17:13-82
231            android:exported="false"
231-->[com.stripe:paymentsheet:21.6.0] AndroidManifest.xml:18:13-37
232            android:theme="@style/StripePaymentSheetDefaultTheme" />
232-->[com.stripe:paymentsheet:21.6.0] AndroidManifest.xml:19:13-66
233        <activity
233-->[com.stripe:paymentsheet:21.6.0] AndroidManifest.xml:20:9-23:69
234            android:name="com.stripe.android.paymentsheet.addresselement.AddressElementActivity"
234-->[com.stripe:paymentsheet:21.6.0] AndroidManifest.xml:21:13-97
235            android:exported="false"
235-->[com.stripe:paymentsheet:21.6.0] AndroidManifest.xml:22:13-37
236            android:theme="@style/StripePaymentSheetDefaultTheme" />
236-->[com.stripe:paymentsheet:21.6.0] AndroidManifest.xml:23:13-66
237        <activity
237-->[com.stripe:paymentsheet:21.6.0] AndroidManifest.xml:24:9-27:69
238            android:name="com.stripe.android.paymentsheet.paymentdatacollection.bacs.BacsMandateConfirmationActivity"
238-->[com.stripe:paymentsheet:21.6.0] AndroidManifest.xml:25:13-118
239            android:exported="false"
239-->[com.stripe:paymentsheet:21.6.0] AndroidManifest.xml:26:13-37
240            android:theme="@style/StripePaymentSheetDefaultTheme" />
240-->[com.stripe:paymentsheet:21.6.0] AndroidManifest.xml:27:13-66
241        <activity
241-->[com.stripe:paymentsheet:21.6.0] AndroidManifest.xml:28:9-31:69
242            android:name="com.stripe.android.paymentsheet.paymentdatacollection.polling.PollingActivity"
242-->[com.stripe:paymentsheet:21.6.0] AndroidManifest.xml:29:13-105
243            android:exported="false"
243-->[com.stripe:paymentsheet:21.6.0] AndroidManifest.xml:30:13-37
244            android:theme="@style/StripePaymentSheetDefaultTheme" />
244-->[com.stripe:paymentsheet:21.6.0] AndroidManifest.xml:31:13-66
245        <activity
245-->[com.stripe:paymentsheet:21.6.0] AndroidManifest.xml:32:9-35:69
246            android:name="com.stripe.android.paymentsheet.ui.SepaMandateActivity"
246-->[com.stripe:paymentsheet:21.6.0] AndroidManifest.xml:33:13-82
247            android:exported="false"
247-->[com.stripe:paymentsheet:21.6.0] AndroidManifest.xml:34:13-37
248            android:theme="@style/StripePaymentSheetDefaultTheme" />
248-->[com.stripe:paymentsheet:21.6.0] AndroidManifest.xml:35:13-66
249        <activity
249-->[com.stripe:paymentsheet:21.6.0] AndroidManifest.xml:36:9-39:68
250            android:name="com.stripe.android.paymentsheet.ExternalPaymentMethodProxyActivity"
250-->[com.stripe:paymentsheet:21.6.0] AndroidManifest.xml:37:13-94
251            android:exported="false"
251-->[com.stripe:paymentsheet:21.6.0] AndroidManifest.xml:38:13-37
252            android:theme="@style/StripePayLauncherDefaultTheme" />
252-->[com.stripe:paymentsheet:21.6.0] AndroidManifest.xml:39:13-65
253        <activity
253-->[com.stripe:paymentsheet:21.6.0] AndroidManifest.xml:40:9-42:69
254            android:name="com.stripe.android.paymentsheet.paymentdatacollection.cvcrecollection.CvcRecollectionActivity"
254-->[com.stripe:paymentsheet:21.6.0] AndroidManifest.xml:41:13-121
255            android:theme="@style/StripePaymentSheetDefaultTheme" />
255-->[com.stripe:paymentsheet:21.6.0] AndroidManifest.xml:42:13-66
256        <activity
256-->[com.stripe:paymentsheet:21.6.0] AndroidManifest.xml:43:9-45:69
257            android:name="com.stripe.android.paymentelement.embedded.form.FormActivity"
257-->[com.stripe:paymentsheet:21.6.0] AndroidManifest.xml:44:13-88
258            android:theme="@style/StripePaymentSheetDefaultTheme" />
258-->[com.stripe:paymentsheet:21.6.0] AndroidManifest.xml:45:13-66
259        <activity
259-->[com.stripe:paymentsheet:21.6.0] AndroidManifest.xml:46:9-48:69
260            android:name="com.stripe.android.paymentelement.embedded.manage.ManageActivity"
260-->[com.stripe:paymentsheet:21.6.0] AndroidManifest.xml:47:13-92
261            android:theme="@style/StripePaymentSheetDefaultTheme" />
261-->[com.stripe:paymentsheet:21.6.0] AndroidManifest.xml:48:13-66
262        <activity
262-->[com.stripe:paymentsheet:21.6.0] AndroidManifest.xml:49:9-56:58
263            android:name="com.stripe.android.link.LinkActivity"
263-->[com.stripe:paymentsheet:21.6.0] AndroidManifest.xml:50:13-64
264            android:autoRemoveFromRecents="true"
264-->[com.stripe:paymentsheet:21.6.0] AndroidManifest.xml:51:13-49
265            android:configChanges="orientation|keyboard|keyboardHidden|screenLayout|screenSize|smallestScreenSize"
265-->[com.stripe:paymentsheet:21.6.0] AndroidManifest.xml:52:13-115
266            android:exported="false"
266-->[com.stripe:paymentsheet:21.6.0] AndroidManifest.xml:53:13-37
267            android:label="@string/stripe_link"
267-->[com.stripe:paymentsheet:21.6.0] AndroidManifest.xml:54:13-48
268            android:theme="@style/StripeLinkBaseTheme"
268-->[com.stripe:paymentsheet:21.6.0] AndroidManifest.xml:55:13-55
269            android:windowSoftInputMode="adjustResize" />
269-->[com.stripe:paymentsheet:21.6.0] AndroidManifest.xml:56:13-55
270        <activity
270-->[com.stripe:paymentsheet:21.6.0] AndroidManifest.xml:57:9-62:61
271            android:name="com.stripe.android.link.LinkForegroundActivity"
271-->[com.stripe:paymentsheet:21.6.0] AndroidManifest.xml:58:13-74
272            android:autoRemoveFromRecents="true"
272-->[com.stripe:paymentsheet:21.6.0] AndroidManifest.xml:59:13-49
273            android:configChanges="orientation|keyboard|keyboardHidden|screenLayout|screenSize|smallestScreenSize"
273-->[com.stripe:paymentsheet:21.6.0] AndroidManifest.xml:60:13-115